<?xml version="1.0" encoding="utf-8"?>
<test-run id="2" testcasecount="2" result="Passed" total="2" passed="2" failed="0" inconclusive="0" skipped="0" asserts="0" engine-version="3.5.0.0" clr-version="4.0.30319.42000" start-time="2026-09-07 22:04:39Z" end-time="2026-09-07 22:04:39Z" duration="0,0512388">
  <test-suite type="TestSuite" id="1000" name="Help Me Please" fullname="Help Me Please" runstate="Runnable" testcasecount="174" result="Passed" start-time="2026-09-07 22:04:39Z" end-time="2026-09-07 22:04:39Z" duration="0.051239" total="2" passed="2" failed="0" inconclusive="0" skipped="0" asserts="0">
    <properties>
      <property name="platform" value="EditMode" />
    </properties>
    <test-suite type="Assembly" id="1215" name="Assembly-CSharp-Editor.dll" fullname="D:/fork/HelpMePlease/Library/ScriptAssemblies/Assembly-CSharp-Editor.dll" runstate="Runnable" testcasecount="174" result="Passed" start-time="2026-09-07 22:04:39Z" end-time="2026-09-07 22:04:39Z" duration="0.038157" total="2" passed="2" failed="0" inconclusive="0" skipped="0" asserts="0">
      <properties>
        <property name="_PID" value="21016" />
        <property name="_APPDOMAIN" value="Unity Child Domain" />
        <property name="platform" value="EditMode" />
        <property name="EditorOnly" value="True" />
      </properties>
      <test-suite type="TestFixture" id="1060" name="FootballHudVisibilityTests" fullname="FootballHudVisibilityTests" classname="FootballHudVisibilityTests" runstate="Runnable" testcasecount="2" result="Passed" start-time="2026-09-07 22:04:39Z" end-time="2026-09-07 22:04:39Z" duration="0.036815" total="2" passed="2" failed="0" inconclusive="0" skipped="0" asserts="0">
        <properties />
        <test-suite type="ParameterizedMethod" id="1063" name="LeavingAfterRoundHidesResultsOnlyAfterLastPlayerCollider" fullname="FootballHudVisibilityTests.LeavingAfterRoundHidesResultsOnlyAfterLastPlayerCollider" classname="FootballHudVisibilityTests" runstate="Runnable" testcasecount="2" result="Passed" start-time="2026-09-07 22:04:39Z" end-time="2026-09-07 22:04:39Z" duration="0.032737" total="2" passed="2" failed="0" inconclusive="0" skipped="0" asserts="0">
          <properties />
          <test-case id="1061" name="LeavingAfterRoundHidesResultsOnlyAfterLastPlayerCollider(False)" fullname="FootballHudVisibilityTests.LeavingAfterRoundHidesResultsOnlyAfterLastPlayerCollider(False)" methodname="LeavingAfterRoundHidesResultsOnlyAfterLastPlayerCollider" classname="FootballHudVisibilityTests" runstate="Runnable" seed="1175496527" result="Passed" start-time="2026-09-07 22:04:39Z" end-time="2026-09-07 22:04:39Z" duration="0.020615" asserts="0">
            <properties>
              <property name="retryIteration" value="0" />
              <property name="repeatIteration" value="0" />
            </properties>
          </test-case>
          <test-case id="1062" name="LeavingAfterRoundHidesResultsOnlyAfterLastPlayerCollider(True)" fullname="FootballHudVisibilityTests.LeavingAfterRoundHidesResultsOnlyAfterLastPlayerCollider(True)" methodname="LeavingAfterRoundHidesResultsOnlyAfterLastPlayerCollider" classname="FootballHudVisibilityTests" runstate="Runnable" seed="664278353" result="Passed" start-time="2026-09-07 22:04:39Z" end-time="2026-09-07 22:04:39Z" duration="0.000564" asserts="0">
            <properties>
              <property name="retryIteration" value="0" />
              <property name="repeatIteration" value="0" />
            </properties>
            <output><![CDATA[Saving results to: C:/Users/DANTES/AppData/LocalLow/GGGERAGERA/Help Me Please\TestResults.xml
]]></output>
          </test-case>
        </test-suite>
      </test-suite>
    </test-suite>
  </test-suite>
</test-run>