<?xml version="1.0" encoding="utf-8"?>
<test-run id="2" testcasecount="2" result="Failed(Child)" total="2" passed="0" failed="2" inconclusive="0" skipped="0" asserts="0" engine-version="3.5.0.0" clr-version="4.0.30319.42000" start-time="2026-09-12 23:20:45Z" end-time="2026-09-12 23:20:48Z" duration="3,0230125">
  <test-suite type="TestSuite" id="1000" name="Help Me Please" fullname="Help Me Please" runstate="Runnable" testcasecount="285" result="Failed" site="Child" start-time="2026-09-12 23:20:45Z" end-time="2026-09-12 23:20:48Z" duration="3.023013" total="2" passed="0" failed="2" inconclusive="0" skipped="0" asserts="0">
    <properties>
      <property name="platform" value="EditMode" />
    </properties>
    <failure>
      <message><![CDATA[One or more child tests had errors]]></message>
    </failure>
    <test-suite type="Assembly" id="1353" name="Assembly-CSharp-Editor.dll" fullname="D:/fork/HelpMePlease/Library/ScriptAssemblies/Assembly-CSharp-Editor.dll" runstate="Runnable" testcasecount="285" result="Failed" site="Child" start-time="2026-09-12 23:20:45Z" end-time="2026-09-12 23:20:48Z" duration="2.917976" total="2" passed="0" failed="2" inconclusive="0" skipped="0" asserts="0">
      <properties>
        <property name="_PID" value="35428" />
        <property name="_APPDOMAIN" value="Unity Child Domain" />
        <property name="platform" value="EditMode" />
        <property name="EditorOnly" value="True" />
      </properties>
      <failure>
        <message><![CDATA[One or more child tests had errors]]></message>
      </failure>
      <test-suite type="TestFixture" id="1001" name="BossBurstTests" fullname="BossBurstTests" classname="BossBurstTests" runstate="Runnable" testcasecount="2" result="Failed" site="Child" start-time="2026-09-12 23:20:45Z" end-time="2026-09-12 23:20:48Z" duration="2.913257" total="2" passed="0" failed="2" inconclusive="0" skipped="0" asserts="0">
        <properties />
        <failure>
          <message><![CDATA[One or more child tests had errors]]></message>
        </failure>
        <test-case id="1003" name="MovementUsesWalkSprites" fullname="BossBurstTests.MovementUsesWalkSprites" methodname="MovementUsesWalkSprites" classname="BossBurstTests" runstate="Runnable" seed="1104041598" result="Failed" start-time="2026-09-12 23:20:30Z" end-time="2026-09-12 23:20:39Z" duration="8.613057" asserts="0">
          <properties>
            <property name="_JOINTYPE" value="UnityCombinatorial" />
          </properties>
          <failure>
            <message><![CDATA[  Expected: greater than 0.00999999978f
  But was:  0.0f
]]></message>
            <stack-trace><![CDATA[at BossBurstTests+<ExerciseWalk>d__10.MoveNext () [0x0008b] in D:\fork\HelpMePlease\Assets\_Project\Editor\Tests\BossBurstTests.cs:92
at UnityEngine.TestTools.TestEnumerator+<Execute>d__7.MoveNext () [0x0003a] in .\Library\PackageCache\com.unity.test-framework@aebcb98460c6\UnityEngine.TestRunner\NUnitExtensions\Attributes\TestEnumerator.cs:44
]]></stack-trace>
          </failure>
        </test-case>
        <test-case id="1002" name="OneEventLaunchesBothHands" fullname="BossBurstTests.OneEventLaunchesBothHands" methodname="OneEventLaunchesBothHands" classname="BossBurstTests" runstate="Runnable" seed="1267061584" result="Failed" start-time="2026-09-12 23:20:39Z" end-time="2026-09-12 23:20:48Z" duration="8.859636" asserts="0">
          <properties>
            <property name="_JOINTYPE" value="UnityCombinatorial" />
            <property name="retryIteration" value="0" />
            <property name="repeatIteration" value="0" />
          </properties>
          <failure>
            <message><![CDATA[  One FireRocket must launch LH and RH
  Expected: 2
  But was:  1
]]></message>
            <stack-trace><![CDATA[at BossBurstTests+<ExerciseDual>d__8.MoveNext () [0x00063] in D:\fork\HelpMePlease\Assets\_Project\Editor\Tests\BossBurstTests.cs:64
at UnityEngine.TestTools.TestEnumerator+<Execute>d__7.MoveNext () [0x0003a] in .\Library\PackageCache\com.unity.test-framework@aebcb98460c6\UnityEngine.TestRunner\NUnitExtensions\Attributes\TestEnumerator.cs:44
]]></stack-trace>
          </failure>
          <output><![CDATA[Saving results to: Artifacts/GeneratedQA/CorePulse/results.xml
]]></output>
        </test-case>
      </test-suite>
    </test-suite>
  </test-suite>
</test-run>