<?xml version="1.0" encoding="utf-8"?>
<test-run id="2" testcasecount="1" result="Passed" total="1" passed="1" failed="0" inconclusive="0" skipped="0" asserts="0" engine-version="3.5.0.0" clr-version="4.0.30319.42000" start-time="2026-09-13 09:28:24Z" end-time="2026-09-13 09:28:36Z" duration="11,9808893">
  <test-suite type="TestSuite" id="1000" name="Help Me Please" fullname="Help Me Please" runstate="Runnable" testcasecount="288" result="Passed" start-time="2026-09-13 09:28:24Z" end-time="2026-09-13 09:28:36Z" duration="11.980889" total="1" passed="1" failed="0" inconclusive="0" skipped="0" asserts="0">
    <properties>
      <property name="platform" value="EditMode" />
    </properties>
    <test-suite type="Assembly" id="1357" name="Assembly-CSharp-Editor.dll" fullname="D:/fork/HelpMePlease/Library/ScriptAssemblies/Assembly-CSharp-Editor.dll" runstate="Runnable" testcasecount="288" result="Passed" start-time="2026-09-13 09:28:24Z" end-time="2026-09-13 09:28:36Z" duration="11.877997" total="1" passed="1" failed="0" inconclusive="0" skipped="0" asserts="0">
      <properties>
        <property name="_PID" value="13460" />
        <property name="_APPDOMAIN" value="Unity Child Domain" />
        <property name="platform" value="EditMode" />
        <property name="EditorOnly" value="True" />
      </properties>
      <test-suite type="TestFixture" id="1006" name="BossPracticeTests" fullname="BossPracticeTests" classname="BossPracticeTests" runstate="Runnable" testcasecount="1" result="Passed" start-time="2026-09-13 09:28:24Z" end-time="2026-09-13 09:28:36Z" duration="11.872309" total="1" passed="1" failed="0" inconclusive="0" skipped="0" asserts="0">
        <properties />
        <test-case id="1007" name="AuthoredTuningAndPlayableArena" fullname="BossPracticeTests.AuthoredTuningAndPlayableArena" methodname="AuthoredTuningAndPlayableArena" classname="BossPracticeTests" runstate="Runnable" seed="185266701" result="Passed" start-time="2026-09-13 09:28:16Z" end-time="2026-09-13 09:28:36Z" duration="20.194125" asserts="0">
          <properties>
            <property name="_JOINTYPE" value="UnityCombinatorial" />
            <property name="retryIteration" value="0" />
            <property name="repeatIteration" value="0" />
          </properties>
          <output><![CDATA[Saving results to: Artifacts/GeneratedQA/CorePulse/results.xml
]]></output>
        </test-case>
      </test-suite>
    </test-suite>
  </test-suite>
</test-run>